<?xml version="1.0" encoding="UTF-8"?>
<!-- Generated by org.testng.reporters.JUnitXMLReporter -->
<testsuite ignored="0" hostname="LAPTOP-GHOUG3PL" failures="0" tests="9" name="testngTest" time="56.804" errors="0" timestamp="2022-02-05T23:54:05 IST">
  <testcase classname="Selenium.Activity1" name="checkTitle" time="0.026"/>
  <testcase classname="Selenium.Activity2" name="checkWebsiteHeading" time="0.061"/>
  <testcase classname="Selenium.Activity3" name="checkTitleInfoBox" time="0.046"/>
  <testcase classname="Selenium.Activity4" name="checkTitleSecondPopularCourse" time="0.079"/>
  <testcase classname="Selenium.Activity5" name="checkNavigationToMyAccountTest" time="0.813"/>
  <testcase classname="Selenium.Activity6" name="checkTitleAndLoginTest" time="2.92"/>
  <testcase classname="Selenium.Activity7" name="checkNumberOfCourses" time="0.896"/>
  <testcase classname="Selenium.Activity8" name="contactAdmin" time="7.57"/>
  <testcase classname="Selenium.Activity9" name="completeLessonTest" time="8.722"/>
</testsuite> <!-- testngTest -->
